<?xml version="1.0" encoding="UTF-8"?>
<coverage generated="1612944353543" clover="3.2.0">
  <project timestamp="1612944353543" name="All files">
    <metrics statements="12" coveredstatements="12" conditionals="0" coveredconditionals="0" methods="6" coveredmethods="6" elements="18" coveredelements="18" complexity="0" loc="12" ncloc="12" packages="1" files="6" classes="6"/>
    <file name="add.js" path="C:\Users\Administrator\Documents\NJIT\Semester 4\IS219\Homework-1-Calculator\add.js">
      <metrics statements="2" coveredstatements="2" conditionals="0" coveredconditionals="0" methods="1" coveredmethods="1"/>
      <line num="2" count="1" type="stmt"/>
      <line num="5" count="1" type="stmt"/>
    </file>
    <file name="divide.js" path="C:\Users\Administrator\Documents\NJIT\Semester 4\IS219\Homework-1-Calculator\divide.js">
      <metrics statements="2" coveredstatements="2" conditionals="0" coveredconditionals="0" methods="1" coveredmethods="1"/>
      <line num="2" count="1" type="stmt"/>
      <line num="5" count="1" type="stmt"/>
    </file>
    <file name="multiply.js" path="C:\Users\Administrator\Documents\NJIT\Semester 4\IS219\Homework-1-Calculator\multiply.js">
      <metrics statements="2" coveredstatements="2" conditionals="0" coveredconditionals="0" methods="1" coveredmethods="1"/>
      <line num="2" count="1" type="stmt"/>
      <line num="5" count="1" type="stmt"/>
    </file>
    <file name="square.js" path="C:\Users\Administrator\Documents\NJIT\Semester 4\IS219\Homework-1-Calculator\square.js">
      <metrics statements="2" coveredstatements="2" conditionals="0" coveredconditionals="0" methods="1" coveredmethods="1"/>
      <line num="2" count="1" type="stmt"/>
      <line num="5" count="1" type="stmt"/>
    </file>
    <file name="squareroot.js" path="C:\Users\Administrator\Documents\NJIT\Semester 4\IS219\Homework-1-Calculator\squareroot.js">
      <metrics statements="2" coveredstatements="2" conditionals="0" coveredconditionals="0" methods="1" coveredmethods="1"/>
      <line num="2" count="1" type="stmt"/>
      <line num="5" count="1" type="stmt"/>
    </file>
    <file name="subtract.js" path="C:\Users\Administrator\Documents\NJIT\Semester 4\IS219\Homework-1-Calculator\subtract.js">
      <metrics statements="2" coveredstatements="2" conditionals="0" coveredconditionals="0" methods="1" coveredmethods="1"/>
      <line num="2" count="1" type="stmt"/>
      <line num="5" count="1" type="stmt"/>
    </file>
  </project>
</coverage>
