{"C:\\Users\\Administrator\\Documents\\NJIT\\Semester 4\\IS219\\Homework-1-Calculator\\add.js": {"path":"C:\\Users\\Administrator\\Documents\\NJIT\\Semester 4\\IS219\\Homework-1-Calculator\\add.js","statementMap":{"0":{"start":{"line":2,"column":4},"end":{"line":2,"column":15}},"1":{"start":{"line":5,"column":0},"end":{"line":5,"column":20}}},"fnMap":{"0":{"name":"add","decl":{"start":{"line":1,"column":9},"end":{"line":1,"column":12}},"loc":{"start":{"line":1,"column":19},"end":{"line":3,"column":1}},"line":1}},"branchMap":{},"s":{"0":1,"1":1},"f":{"0":1},"b":{},"_coverageSchema":"1a1c01bbd47fc00a2c39e90264f33305004495a9","hash":"b33b176c6e1f15f529856bb845d77537af4c8237"}
,"C:\\Users\\Administrator\\Documents\\NJIT\\Semester 4\\IS219\\Homework-1-Calculator\\divide.js": {"path":"C:\\Users\\Administrator\\Documents\\NJIT\\Semester 4\\IS219\\Homework-1-Calculator\\divide.js","statementMap":{"0":{"start":{"line":2,"column":4},"end":{"line":2,"column":15}},"1":{"start":{"line":5,"column":0},"end":{"line":5,"column":23}}},"fnMap":{"0":{"name":"divide","decl":{"start":{"line":1,"column":9},"end":{"line":1,"column":15}},"loc":{"start":{"line":1,"column":22},"end":{"line":3,"column":1}},"line":1}},"branchMap":{},"s":{"0":1,"1":1},"f":{"0":1},"b":{},"_coverageSchema":"1a1c01bbd47fc00a2c39e90264f33305004495a9","hash":"8816202590c58c1a7f04fe375c23f6b316af60cb"}
,"C:\\Users\\Administrator\\Documents\\NJIT\\Semester 4\\IS219\\Homework-1-Calculator\\multiply.js": {"path":"C:\\Users\\Administrator\\Documents\\NJIT\\Semester 4\\IS219\\Homework-1-Calculator\\multiply.js","statementMap":{"0":{"start":{"line":2,"column":4},"end":{"line":2,"column":15}},"1":{"start":{"line":5,"column":0},"end":{"line":5,"column":25}}},"fnMap":{"0":{"name":"multiply","decl":{"start":{"line":1,"column":9},"end":{"line":1,"column":17}},"loc":{"start":{"line":1,"column":24},"end":{"line":3,"column":1}},"line":1}},"branchMap":{},"s":{"0":1,"1":1},"f":{"0":1},"b":{},"_coverageSchema":"1a1c01bbd47fc00a2c39e90264f33305004495a9","hash":"d385a767f21bb9f7baa934828cf8ae6c31baba61"}
,"C:\\Users\\Administrator\\Documents\\NJIT\\Semester 4\\IS219\\Homework-1-Calculator\\square.js": {"path":"C:\\Users\\Administrator\\Documents\\NJIT\\Semester 4\\IS219\\Homework-1-Calculator\\square.js","statementMap":{"0":{"start":{"line":2,"column":4},"end":{"line":2,"column":15}},"1":{"start":{"line":5,"column":0},"end":{"line":5,"column":23}}},"fnMap":{"0":{"name":"square","decl":{"start":{"line":1,"column":9},"end":{"line":1,"column":15}},"loc":{"start":{"line":1,"column":19},"end":{"line":3,"column":1}},"line":1}},"branchMap":{},"s":{"0":1,"1":1},"f":{"0":1},"b":{},"_coverageSchema":"1a1c01bbd47fc00a2c39e90264f33305004495a9","hash":"8857ef414336b93330ed31bc0c93001a6c578748"}
,"C:\\Users\\Administrator\\Documents\\NJIT\\Semester 4\\IS219\\Homework-1-Calculator\\squareroot.js": {"path":"C:\\Users\\Administrator\\Documents\\NJIT\\Semester 4\\IS219\\Homework-1-Calculator\\squareroot.js","statementMap":{"0":{"start":{"line":2,"column":4},"end":{"line":2,"column":16}},"1":{"start":{"line":5,"column":0},"end":{"line":5,"column":27}}},"fnMap":{"0":{"name":"squareroot","decl":{"start":{"line":1,"column":9},"end":{"line":1,"column":19}},"loc":{"start":{"line":1,"column":23},"end":{"line":3,"column":1}},"line":1}},"branchMap":{},"s":{"0":1,"1":1},"f":{"0":1},"b":{},"_coverageSchema":"1a1c01bbd47fc00a2c39e90264f33305004495a9","hash":"43c04b73ca3d148cca2baf70f528827ecf8e2469"}
,"C:\\Users\\Administrator\\Documents\\NJIT\\Semester 4\\IS219\\Homework-1-Calculator\\subtract.js": {"path":"C:\\Users\\Administrator\\Documents\\NJIT\\Semester 4\\IS219\\Homework-1-Calculator\\subtract.js","statementMap":{"0":{"start":{"line":2,"column":4},"end":{"line":2,"column":15}},"1":{"start":{"line":5,"column":0},"end":{"line":5,"column":25}}},"fnMap":{"0":{"name":"subtract","decl":{"start":{"line":1,"column":9},"end":{"line":1,"column":17}},"loc":{"start":{"line":1,"column":24},"end":{"line":3,"column":1}},"line":1}},"branchMap":{},"s":{"0":1,"1":1},"f":{"0":1},"b":{},"_coverageSchema":"1a1c01bbd47fc00a2c39e90264f33305004495a9","hash":"fb54e9c06686b148ccc77cc9784a3afc94b086a6"}
}
