TN:
SF:add.js
FN:1,add
FNF:1
FNH:1
FNDA:1,add
DA:2,1
DA:5,1
LF:2
LH:2
BRF:0
BRH:0
end_of_record
TN:
SF:divide.js
FN:1,divide
FNF:1
FNH:1
FNDA:1,divide
DA:2,1
DA:5,1
LF:2
LH:2
BRF:0
BRH:0
end_of_record
TN:
SF:multiply.js
FN:1,multiply
FNF:1
FNH:1
FNDA:1,multiply
DA:2,1
DA:5,1
LF:2
LH:2
BRF:0
BRH:0
end_of_record
TN:
SF:square.js
FN:1,square
FNF:1
FNH:1
FNDA:1,square
DA:2,1
DA:5,1
LF:2
LH:2
BRF:0
BRH:0
end_of_record
TN:
SF:squareroot.js
FN:1,squareroot
FNF:1
FNH:1
FNDA:1,squareroot
DA:2,1
DA:5,1
LF:2
LH:2
BRF:0
BRH:0
end_of_record
TN:
SF:subtract.js
FN:1,subtract
FNF:1
FNH:1
FNDA:1,subtract
DA:2,1
DA:5,1
LF:2
LH:2
BRF:0
BRH:0
end_of_record
